05/01/2018 05:21:53 [Program starts.]
05/01/2018 05:21:53 [Arg used:][{'exp_name': 'DC-5LP-4PCA'}, {'pca_features': 4}, {'optimizer': 'Adagrad'}, {'hidden_units': 10}, {'init_type': 'uniform'}, {'epoch_number': 1000}, {'remove_DC_level': True}, {'low_pass': 5}, {'model': 'Linear'}, {'criterion': 'CrossEntropy'}, {'log_root': '/home/andre/Documents/DL_p1/logs/'}]
05/01/2018 05:21:55 [Data loaded.]
05/01/2018 05:21:55 [Model build.]
05/01/2018 05:21:55 Train loss: 0.702, test loss: 0.703
05/01/2018 05:21:55 Train accuracy: 0.500, test accuracy 0.500
05/01/2018 05:21:55 [Epoch 0/1000 done in 0.150 s. Approximatly 149.876s. remaining.]
05/01/2018 05:21:56 Train loss: 0.696, test loss: 0.702
05/01/2018 05:21:56 Train accuracy: 0.503, test accuracy 0.500
05/01/2018 05:21:56 [Epoch 1/1000 done in 0.149 s. Approximatly 148.532s. remaining.]
05/01/2018 05:21:56 Train loss: 0.695, test loss: 0.700
05/01/2018 05:21:56 Train accuracy: 0.509, test accuracy 0.510
05/01/2018 05:21:56 [Epoch 2/1000 done in 0.128 s. Approximatly 127.947s. remaining.]
05/01/2018 05:21:56 Train loss: 0.694, test loss: 0.700
05/01/2018 05:21:56 Train accuracy: 0.557, test accuracy 0.510
05/01/2018 05:21:56 [Epoch 3/1000 done in 0.150 s. Approximatly 149.749s. remaining.]
05/01/2018 05:21:56 Train loss: 0.693, test loss: 0.700
05/01/2018 05:21:56 Train accuracy: 0.557, test accuracy 0.510
05/01/2018 05:21:56 [Epoch 4/1000 done in 0.130 s. Approximatly 129.275s. remaining.]
05/01/2018 05:21:56 Train loss: 0.692, test loss: 0.699
05/01/2018 05:21:56 Train accuracy: 0.554, test accuracy 0.510
05/01/2018 05:21:56 [Epoch 5/1000 done in 0.189 s. Approximatly 187.931s. remaining.]
05/01/2018 05:21:56 Train loss: 0.692, test loss: 0.698
05/01/2018 05:21:56 Train accuracy: 0.557, test accuracy 0.510
05/01/2018 05:21:56 [Epoch 6/1000 done in 0.157 s. Approximatly 156.209s. remaining.]
05/01/2018 05:21:57 Train loss: 0.691, test loss: 0.697
05/01/2018 05:21:57 Train accuracy: 0.557, test accuracy 0.520
05/01/2018 05:21:57 [Epoch 7/1000 done in 0.177 s. Approximatly 176.256s. remaining.]
05/01/2018 05:21:57 Train loss: 0.691, test loss: 0.699
05/01/2018 05:21:57 Train accuracy: 0.560, test accuracy 0.510
05/01/2018 05:21:57 [Epoch 8/1000 done in 0.146 s. Approximatly 145.168s. remaining.]
05/01/2018 05:21:57 Train loss: 0.690, test loss: 0.699
05/01/2018 05:21:57 Train accuracy: 0.557, test accuracy 0.500
05/01/2018 05:21:57 [Epoch 9/1000 done in 0.173 s. Approximatly 171.045s. remaining.]
05/01/2018 05:21:57 Train loss: 0.690, test loss: 0.699
05/01/2018 05:21:57 Train accuracy: 0.560, test accuracy 0.500
05/01/2018 05:21:57 [Epoch 10/1000 done in 0.158 s. Approximatly 156.915s. remaining.]
05/01/2018 05:21:57 Train loss: 0.690, test loss: 0.698
05/01/2018 05:21:57 Train accuracy: 0.560, test accuracy 0.500
05/01/2018 05:21:57 [Epoch 11/1000 done in 0.190 s. Approximatly 188.327s. remaining.]
05/01/2018 05:21:57 Train loss: 0.690, test loss: 0.698
05/01/2018 05:21:57 Train accuracy: 0.563, test accuracy 0.500
05/01/2018 05:21:57 [Epoch 12/1000 done in 0.151 s. Approximatly 149.010s. remaining.]
05/01/2018 05:21:58 Train loss: 0.689, test loss: 0.698
05/01/2018 05:21:58 Train accuracy: 0.563, test accuracy 0.500
05/01/2018 05:21:58 [Epoch 13/1000 done in 0.165 s. Approximatly 162.397s. remaining.]
05/01/2018 05:21:58 Train loss: 0.689, test loss: 0.698
05/01/2018 05:21:58 Train accuracy: 0.563, test accuracy 0.500
05/01/2018 05:21:58 [Epoch 14/1000 done in 0.162 s. Approximatly 159.872s. remaining.]
05/01/2018 05:21:58 Train loss: 0.689, test loss: 0.698
05/01/2018 05:21:58 Train accuracy: 0.560, test accuracy 0.500
05/01/2018 05:21:58 [Epoch 15/1000 done in 0.176 s. Approximatly 172.908s. remaining.]
05/01/2018 05:21:58 Train loss: 0.689, test loss: 0.698
05/01/2018 05:21:58 Train accuracy: 0.560, test accuracy 0.500
05/01/2018 05:21:58 [Epoch 16/1000 done in 0.151 s. Approximatly 149.064s. remaining.]
05/01/2018 05:21:58 Train loss: 0.688, test loss: 0.697
05/01/2018 05:21:58 Train accuracy: 0.560, test accuracy 0.500
05/01/2018 05:21:58 [Epoch 17/1000 done in 0.179 s. Approximatly 176.159s. remaining.]
05/01/2018 05:21:58 Train loss: 0.688, test loss: 0.697
05/01/2018 05:21:58 Train accuracy: 0.563, test accuracy 0.500
05/01/2018 05:21:58 [Epoch 18/1000 done in 0.175 s. Approximatly 172.171s. remaining.]
05/01/2018 05:21:59 Train loss: 0.688, test loss: 0.698
05/01/2018 05:21:59 Train accuracy: 0.563, test accuracy 0.500
05/01/2018 05:21:59 [Epoch 19/1000 done in 0.165 s. Approximatly 161.454s. remaining.]
05/01/2018 05:21:59 Train loss: 0.688, test loss: 0.697
05/01/2018 05:21:59 Train accuracy: 0.563, test accuracy 0.500
05/01/2018 05:21:59 [Epoch 20/1000 done in 0.154 s. Approximatly 151.325s. remaining.]
05/01/2018 05:21:59 Train loss: 0.688, test loss: 0.697
05/01/2018 05:21:59 Train accuracy: 0.563, test accuracy 0.500
05/01/2018 05:21:59 [Epoch 21/1000 done in 0.194 s. Approximatly 190.088s. remaining.]
05/01/2018 05:21:59 Train loss: 0.688, test loss: 0.697
05/01/2018 05:21:59 Train accuracy: 0.563, test accuracy 0.500
05/01/2018 05:21:59 [Epoch 22/1000 done in 0.174 s. Approximatly 170.197s. remaining.]
05/01/2018 05:21:59 Train loss: 0.687, test loss: 0.697
05/01/2018 05:21:59 Train accuracy: 0.563, test accuracy 0.500
05/01/2018 05:21:59 [Epoch 23/1000 done in 0.230 s. Approximatly 225.033s. remaining.]
05/01/2018 05:21:59 Train loss: 0.687, test loss: 0.696
05/01/2018 05:21:59 Train accuracy: 0.563, test accuracy 0.500
05/01/2018 05:21:59 [Epoch 24/1000 done in 0.172 s. Approximatly 167.541s. remaining.]
05/01/2018 05:22:00 Train loss: 0.687, test loss: 0.697
05/01/2018 05:22:00 Train accuracy: 0.563, test accuracy 0.500
05/01/2018 05:22:00 [Epoch 25/1000 done in 0.168 s. Approximatly 163.769s. remaining.]
05/01/2018 05:22:00 Train loss: 0.687, test loss: 0.697
05/01/2018 05:22:00 Train accuracy: 0.563, test accuracy 0.500
05/01/2018 05:22:00 [Epoch 26/1000 done in 0.162 s. Approximatly 157.783s. remaining.]
05/01/2018 05:22:00 Train loss: 0.687, test loss: 0.697
05/01/2018 05:22:00 Train accuracy: 0.563, test accuracy 0.500
05/01/2018 05:22:00 [Epoch 27/1000 done in 0.197 s. Approximatly 192.151s. remaining.]
05/01/2018 05:22:00 Train loss: 0.686, test loss: 0.697
05/01/2018 05:22:00 Train accuracy: 0.563, test accuracy 0.500
05/01/2018 05:22:00 [Epoch 28/1000 done in 0.176 s. Approximatly 171.388s. remaining.]
05/01/2018 05:22:00 Train loss: 0.686, test loss: 0.697
05/01/2018 05:22:00 Train accuracy: 0.563, test accuracy 0.500
05/01/2018 05:22:00 [Epoch 29/1000 done in 0.192 s. Approximatly 186.450s. remaining.]
05/01/2018 05:22:01 Train loss: 0.686, test loss: 0.697
05/01/2018 05:22:01 Train accuracy: 0.566, test accuracy 0.500
05/01/2018 05:22:01 [Epoch 30/1000 done in 0.163 s. Approximatly 158.317s. remaining.]
05/01/2018 05:22:01 Train loss: 0.686, test loss: 0.697
05/01/2018 05:22:01 Train accuracy: 0.566, test accuracy 0.500
05/01/2018 05:22:01 [Epoch 31/1000 done in 0.195 s. Approximatly 188.706s. remaining.]
05/01/2018 05:22:01 Train loss: 0.686, test loss: 0.697
05/01/2018 05:22:01 Train accuracy: 0.563, test accuracy 0.500
05/01/2018 05:22:01 [Epoch 32/1000 done in 0.149 s. Approximatly 144.528s. remaining.]
05/01/2018 05:22:01 Train loss: 0.686, test loss: 0.696
05/01/2018 05:22:01 Train accuracy: 0.563, test accuracy 0.500
05/01/2018 05:22:01 [Epoch 33/1000 done in 0.184 s. Approximatly 177.450s. remaining.]
05/01/2018 05:22:01 Train loss: 0.686, test loss: 0.696
05/01/2018 05:22:01 Train accuracy: 0.566, test accuracy 0.500
05/01/2018 05:22:01 [Epoch 34/1000 done in 0.187 s. Approximatly 180.759s. remaining.]
05/01/2018 05:22:01 Train loss: 0.685, test loss: 0.696
05/01/2018 05:22:01 Train accuracy: 0.566, test accuracy 0.500
05/01/2018 05:22:01 [Epoch 35/1000 done in 0.209 s. Approximatly 201.204s. remaining.]
05/01/2018 05:22:02 Train loss: 0.685, test loss: 0.696
05/01/2018 05:22:02 Train accuracy: 0.566, test accuracy 0.510
05/01/2018 05:22:02 [Epoch 36/1000 done in 0.164 s. Approximatly 158.216s. remaining.]
05/01/2018 05:22:02 Train loss: 0.685, test loss: 0.696
05/01/2018 05:22:02 Train accuracy: 0.563, test accuracy 0.510
05/01/2018 05:22:02 [Epoch 37/1000 done in 0.199 s. Approximatly 191.367s. remaining.]
05/01/2018 05:22:02 Train loss: 0.685, test loss: 0.696
05/01/2018 05:22:02 Train accuracy: 0.566, test accuracy 0.500
05/01/2018 05:22:02 [Epoch 38/1000 done in 0.152 s. Approximatly 146.294s. remaining.]
05/01/2018 05:22:02 Train loss: 0.685, test loss: 0.696
05/01/2018 05:22:02 Train accuracy: 0.563, test accuracy 0.510
05/01/2018 05:22:02 [Epoch 39/1000 done in 0.184 s. Approximatly 176.418s. remaining.]
05/01/2018 05:22:02 Train loss: 0.685, test loss: 0.695
05/01/2018 05:22:02 Train accuracy: 0.566, test accuracy 0.520
05/01/2018 05:22:02 [Epoch 40/1000 done in 0.140 s. Approximatly 134.616s. remaining.]
05/01/2018 05:22:02 Train loss: 0.685, test loss: 0.696
05/01/2018 05:22:02 Train accuracy: 0.566, test accuracy 0.510
05/01/2018 05:22:02 [Epoch 41/1000 done in 0.196 s. Approximatly 187.729s. remaining.]
05/01/2018 05:22:03 Train loss: 0.685, test loss: 0.696
05/01/2018 05:22:03 Train accuracy: 0.566, test accuracy 0.500
05/01/2018 05:22:03 [Epoch 42/1000 done in 0.216 s. Approximatly 207.005s. remaining.]
05/01/2018 05:22:03 Train loss: 0.685, test loss: 0.696
05/01/2018 05:22:03 Train accuracy: 0.566, test accuracy 0.500
05/01/2018 05:22:03 [Epoch 43/1000 done in 0.185 s. Approximatly 176.653s. remaining.]
05/01/2018 05:22:03 Train loss: 0.685, test loss: 0.696
05/01/2018 05:22:03 Train accuracy: 0.566, test accuracy 0.500
05/01/2018 05:22:03 [Epoch 44/1000 done in 0.227 s. Approximatly 217.007s. remaining.]
05/01/2018 05:22:03 Train loss: 0.685, test loss: 0.696
05/01/2018 05:22:03 Train accuracy: 0.566, test accuracy 0.500
05/01/2018 05:22:03 [Epoch 45/1000 done in 0.160 s. Approximatly 152.362s. remaining.]
05/01/2018 05:22:03 Train loss: 0.685, test loss: 0.696
05/01/2018 05:22:03 Train accuracy: 0.563, test accuracy 0.510
05/01/2018 05:22:03 [Epoch 46/1000 done in 0.244 s. Approximatly 232.414s. remaining.]
05/01/2018 05:22:04 Train loss: 0.685, test loss: 0.696
05/01/2018 05:22:04 Train accuracy: 0.566, test accuracy 0.500
05/01/2018 05:22:04 [Epoch 47/1000 done in 0.216 s. Approximatly 205.432s. remaining.]
05/01/2018 05:22:04 Train loss: 0.684, test loss: 0.696
05/01/2018 05:22:04 Train accuracy: 0.566, test accuracy 0.500
05/01/2018 05:22:04 [Epoch 48/1000 done in 0.210 s. Approximatly 200.206s. remaining.]
05/01/2018 05:22:04 Train loss: 0.684, test loss: 0.696
05/01/2018 05:22:04 Train accuracy: 0.566, test accuracy 0.500
05/01/2018 05:22:04 [Epoch 49/1000 done in 0.323 s. Approximatly 307.595s. remaining.]
05/01/2018 05:22:05 Train loss: 0.684, test loss: 0.696
05/01/2018 05:22:05 Train accuracy: 0.566, test accuracy 0.510
05/01/2018 05:22:05 [Epoch 50/1000 done in 0.296 s. Approximatly 281.394s. remaining.]
05/01/2018 05:22:05 Train loss: 0.684, test loss: 0.696
05/01/2018 05:22:05 Train accuracy: 0.566, test accuracy 0.500
05/01/2018 05:22:05 [Epoch 51/1000 done in 0.196 s. Approximatly 185.721s. remaining.]
05/01/2018 05:22:05 Train loss: 0.684, test loss: 0.696
05/01/2018 05:22:05 Train accuracy: 0.566, test accuracy 0.510
05/01/2018 05:22:05 [Epoch 52/1000 done in 0.434 s. Approximatly 411.817s. remaining.]
05/01/2018 05:22:05 Train loss: 0.684, test loss: 0.696
05/01/2018 05:22:05 Train accuracy: 0.566, test accuracy 0.500
05/01/2018 05:22:05 [Epoch 53/1000 done in 0.200 s. Approximatly 189.451s. remaining.]
05/01/2018 05:22:06 Train loss: 0.684, test loss: 0.696
05/01/2018 05:22:06 Train accuracy: 0.566, test accuracy 0.500
05/01/2018 05:22:06 [Epoch 54/1000 done in 0.245 s. Approximatly 231.947s. remaining.]
05/01/2018 05:22:06 Train loss: 0.684, test loss: 0.696
05/01/2018 05:22:06 Train accuracy: 0.566, test accuracy 0.500
05/01/2018 05:22:06 [Epoch 55/1000 done in 0.193 s. Approximatly 182.601s. remaining.]
05/01/2018 05:22:06 Train loss: 0.684, test loss: 0.696
05/01/2018 05:22:06 Train accuracy: 0.566, test accuracy 0.500
05/01/2018 05:22:06 [Epoch 56/1000 done in 0.201 s. Approximatly 189.295s. remaining.]
05/01/2018 05:22:06 Train loss: 0.684, test loss: 0.696
05/01/2018 05:22:06 Train accuracy: 0.566, test accuracy 0.500
05/01/2018 05:22:06 [Epoch 57/1000 done in 0.179 s. Approximatly 168.827s. remaining.]
05/01/2018 05:22:06 Train loss: 0.684, test loss: 0.695
05/01/2018 05:22:06 Train accuracy: 0.566, test accuracy 0.520
05/01/2018 05:22:06 [Epoch 58/1000 done in 0.285 s. Approximatly 268.590s. remaining.]
05/01/2018 05:22:07 Train loss: 0.684, test loss: 0.696
05/01/2018 05:22:07 Train accuracy: 0.566, test accuracy 0.510
05/01/2018 05:22:07 [Epoch 59/1000 done in 0.180 s. Approximatly 169.007s. remaining.]
05/01/2018 05:22:07 Train loss: 0.684, test loss: 0.696
05/01/2018 05:22:07 Train accuracy: 0.566, test accuracy 0.500
05/01/2018 05:22:07 [Epoch 60/1000 done in 0.195 s. Approximatly 183.352s. remaining.]
05/01/2018 05:22:07 Train loss: 0.684, test loss: 0.696
05/01/2018 05:22:07 Train accuracy: 0.566, test accuracy 0.500
05/01/2018 05:22:07 [Epoch 61/1000 done in 0.185 s. Approximatly 173.912s. remaining.]
05/01/2018 05:22:07 Train loss: 0.684, test loss: 0.696
05/01/2018 05:22:07 Train accuracy: 0.566, test accuracy 0.500
05/01/2018 05:22:07 [Epoch 62/1000 done in 0.269 s. Approximatly 252.573s. remaining.]
05/01/2018 05:22:08 Train loss: 0.684, test loss: 0.696
05/01/2018 05:22:08 Train accuracy: 0.570, test accuracy 0.500
05/01/2018 05:22:08 [Epoch 63/1000 done in 0.196 s. Approximatly 183.883s. remaining.]
05/01/2018 05:22:08 Train loss: 0.684, test loss: 0.696
05/01/2018 05:22:08 Train accuracy: 0.566, test accuracy 0.500
05/01/2018 05:22:08 [Epoch 64/1000 done in 0.277 s. Approximatly 259.402s. remaining.]
05/01/2018 05:22:08 Train loss: 0.684, test loss: 0.696
05/01/2018 05:22:08 Train accuracy: 0.566, test accuracy 0.500
05/01/2018 05:22:08 [Epoch 65/1000 done in 0.165 s. Approximatly 154.256s. remaining.]
05/01/2018 05:22:08 Train loss: 0.684, test loss: 0.696
05/01/2018 05:22:08 Train accuracy: 0.566, test accuracy 0.500
05/01/2018 05:22:08 [Epoch 66/1000 done in 0.281 s. Approximatly 262.307s. remaining.]
05/01/2018 05:22:08 Train loss: 0.684, test loss: 0.696
05/01/2018 05:22:08 Train accuracy: 0.566, test accuracy 0.500
05/01/2018 05:22:08 [Epoch 67/1000 done in 0.182 s. Approximatly 169.490s. remaining.]
05/01/2018 05:22:09 Train loss: 0.683, test loss: 0.696
05/01/2018 05:22:09 Train accuracy: 0.566, test accuracy 0.500
05/01/2018 05:22:09 [Epoch 68/1000 done in 0.285 s. Approximatly 265.980s. remaining.]
05/01/2018 05:22:09 Train loss: 0.683, test loss: 0.696
05/01/2018 05:22:09 Train accuracy: 0.566, test accuracy 0.500
05/01/2018 05:22:09 [Epoch 69/1000 done in 0.177 s. Approximatly 164.954s. remaining.]
05/01/2018 05:22:09 Train loss: 0.683, test loss: 0.696
05/01/2018 05:22:09 Train accuracy: 0.566, test accuracy 0.500
05/01/2018 05:22:09 [Epoch 70/1000 done in 0.340 s. Approximatly 316.233s. remaining.]
05/01/2018 05:22:09 Train loss: 0.683, test loss: 0.696
05/01/2018 05:22:09 Train accuracy: 0.566, test accuracy 0.500
05/01/2018 05:22:09 [Epoch 71/1000 done in 0.169 s. Approximatly 156.954s. remaining.]
05/01/2018 05:22:10 Train loss: 0.683, test loss: 0.696
05/01/2018 05:22:10 Train accuracy: 0.566, test accuracy 0.500
05/01/2018 05:22:10 [Epoch 72/1000 done in 0.261 s. Approximatly 242.537s. remaining.]
05/01/2018 05:22:10 Train loss: 0.683, test loss: 0.696
05/01/2018 05:22:10 Train accuracy: 0.566, test accuracy 0.500
05/01/2018 05:22:10 [Epoch 73/1000 done in 0.156 s. Approximatly 144.264s. remaining.]
05/01/2018 05:22:10 Train loss: 0.683, test loss: 0.696
05/01/2018 05:22:10 Train accuracy: 0.566, test accuracy 0.500
05/01/2018 05:22:10 [Epoch 74/1000 done in 0.279 s. Approximatly 258.096s. remaining.]
05/01/2018 05:22:10 Train loss: 0.683, test loss: 0.696
05/01/2018 05:22:10 Train accuracy: 0.566, test accuracy 0.500
05/01/2018 05:22:10 [Epoch 75/1000 done in 0.376 s. Approximatly 347.930s. remaining.]
05/01/2018 05:22:11 Train loss: 0.683, test loss: 0.696
05/01/2018 05:22:11 Train accuracy: 0.570, test accuracy 0.500
05/01/2018 05:22:11 [Epoch 76/1000 done in 0.176 s. Approximatly 162.319s. remaining.]
05/01/2018 05:22:11 Train loss: 0.683, test loss: 0.696
05/01/2018 05:22:11 Train accuracy: 0.566, test accuracy 0.500
05/01/2018 05:22:11 [Epoch 77/1000 done in 0.304 s. Approximatly 280.732s. remaining.]
05/01/2018 05:22:11 Train loss: 0.683, test loss: 0.696
05/01/2018 05:22:11 Train accuracy: 0.566, test accuracy 0.500
05/01/2018 05:22:11 [Epoch 78/1000 done in 0.179 s. Approximatly 165.377s. remaining.]
05/01/2018 05:22:11 Train loss: 0.683, test loss: 0.696
05/01/2018 05:22:11 Train accuracy: 0.566, test accuracy 0.500
05/01/2018 05:22:11 [Epoch 79/1000 done in 0.272 s. Approximatly 250.731s. remaining.]
05/01/2018 05:22:12 Train loss: 0.683, test loss: 0.696
05/01/2018 05:22:12 Train accuracy: 0.570, test accuracy 0.500
05/01/2018 05:22:12 [Epoch 80/1000 done in 0.173 s. Approximatly 158.801s. remaining.]
05/01/2018 05:22:12 Train loss: 0.683, test loss: 0.696
05/01/2018 05:22:12 Train accuracy: 0.570, test accuracy 0.500
05/01/2018 05:22:12 [Epoch 81/1000 done in 0.268 s. Approximatly 246.461s. remaining.]
05/01/2018 05:22:12 Train loss: 0.683, test loss: 0.696
05/01/2018 05:22:12 Train accuracy: 0.570, test accuracy 0.500
05/01/2018 05:22:12 [Epoch 82/1000 done in 0.166 s. Approximatly 152.289s. remaining.]
05/01/2018 05:22:12 Train loss: 0.683, test loss: 0.696
05/01/2018 05:22:12 Train accuracy: 0.570, test accuracy 0.500
05/01/2018 05:22:12 [Epoch 83/1000 done in 0.289 s. Approximatly 265.237s. remaining.]
05/01/2018 05:22:12 Train loss: 0.683, test loss: 0.696
05/01/2018 05:22:12 Train accuracy: 0.570, test accuracy 0.500
05/01/2018 05:22:12 [Epoch 84/1000 done in 0.201 s. Approximatly 184.154s. remaining.]
05/01/2018 05:22:13 Train loss: 0.683, test loss: 0.696
05/01/2018 05:22:13 Train accuracy: 0.566, test accuracy 0.500
05/01/2018 05:22:13 [Epoch 85/1000 done in 0.191 s. Approximatly 175.221s. remaining.]
05/01/2018 05:22:13 Train loss: 0.683, test loss: 0.696
05/01/2018 05:22:13 Train accuracy: 0.570, test accuracy 0.500
05/01/2018 05:22:13 [Epoch 86/1000 done in 0.186 s. Approximatly 169.687s. remaining.]
05/01/2018 05:22:13 Train loss: 0.683, test loss: 0.696
05/01/2018 05:22:13 Train accuracy: 0.566, test accuracy 0.500
05/01/2018 05:22:13 [Epoch 87/1000 done in 0.185 s. Approximatly 169.116s. remaining.]
05/01/2018 05:22:13 Train loss: 0.683, test loss: 0.696
05/01/2018 05:22:13 Train accuracy: 0.566, test accuracy 0.500
05/01/2018 05:22:13 [Epoch 88/1000 done in 0.190 s. Approximatly 173.137s. remaining.]
05/01/2018 05:22:13 Train loss: 0.683, test loss: 0.696
05/01/2018 05:22:13 Train accuracy: 0.570, test accuracy 0.500
05/01/2018 05:22:13 [Epoch 89/1000 done in 0.180 s. Approximatly 164.356s. remaining.]
05/01/2018 05:22:14 Train loss: 0.683, test loss: 0.696
05/01/2018 05:22:14 Train accuracy: 0.570, test accuracy 0.500
05/01/2018 05:22:14 [Epoch 90/1000 done in 0.274 s. Approximatly 249.265s. remaining.]
05/01/2018 05:22:14 Train loss: 0.683, test loss: 0.696
05/01/2018 05:22:14 Train accuracy: 0.570, test accuracy 0.500
05/01/2018 05:22:14 [Epoch 91/1000 done in 0.178 s. Approximatly 162.154s. remaining.]
05/01/2018 05:22:14 Train loss: 0.683, test loss: 0.696
05/01/2018 05:22:14 Train accuracy: 0.570, test accuracy 0.500
05/01/2018 05:22:14 [Epoch 92/1000 done in 0.375 s. Approximatly 340.521s. remaining.]
05/01/2018 05:22:14 Train loss: 0.683, test loss: 0.696
05/01/2018 05:22:14 Train accuracy: 0.566, test accuracy 0.500
05/01/2018 05:22:14 [Epoch 93/1000 done in 0.182 s. Approximatly 165.335s. remaining.]
05/01/2018 05:22:15 Train loss: 0.683, test loss: 0.696
05/01/2018 05:22:15 Train accuracy: 0.566, test accuracy 0.500
05/01/2018 05:22:15 [Epoch 94/1000 done in 0.261 s. Approximatly 236.081s. remaining.]
05/01/2018 05:22:15 Train loss: 0.683, test loss: 0.696
05/01/2018 05:22:15 Train accuracy: 0.566, test accuracy 0.500
05/01/2018 05:22:15 [Epoch 95/1000 done in 0.169 s. Approximatly 153.163s. remaining.]
05/01/2018 05:22:15 Train loss: 0.683, test loss: 0.696
05/01/2018 05:22:15 Train accuracy: 0.570, test accuracy 0.500
05/01/2018 05:22:15 [Epoch 96/1000 done in 0.269 s. Approximatly 242.797s. remaining.]
05/01/2018 05:22:15 Train loss: 0.682, test loss: 0.696
05/01/2018 05:22:15 Train accuracy: 0.566, test accuracy 0.500
05/01/2018 05:22:15 [Epoch 97/1000 done in 0.180 s. Approximatly 162.447s. remaining.]
05/01/2018 05:22:16 Train loss: 0.682, test loss: 0.696
05/01/2018 05:22:16 Train accuracy: 0.570, test accuracy 0.500
05/01/2018 05:22:16 [Epoch 98/1000 done in 0.221 s. Approximatly 199.383s. remaining.]
05/01/2018 05:22:16 Train loss: 0.682, test loss: 0.696
05/01/2018 05:22:16 Train accuracy: 0.566, test accuracy 0.500
05/01/2018 05:22:16 [Epoch 99/1000 done in 0.171 s. Approximatly 153.697s. remaining.]
05/01/2018 05:22:16 Train loss: 0.682, test loss: 0.696
05/01/2018 05:22:16 Train accuracy: 0.570, test accuracy 0.500
05/01/2018 05:22:16 [Epoch 100/1000 done in 0.278 s. Approximatly 250.555s. remaining.]
05/01/2018 05:22:16 Train loss: 0.682, test loss: 0.696
05/01/2018 05:22:16 Train accuracy: 0.570, test accuracy 0.500
05/01/2018 05:22:16 [Epoch 101/1000 done in 0.177 s. Approximatly 159.065s. remaining.]
05/01/2018 05:22:16 Train loss: 0.682, test loss: 0.696
05/01/2018 05:22:16 Train accuracy: 0.570, test accuracy 0.500
05/01/2018 05:22:16 [Epoch 102/1000 done in 0.267 s. Approximatly 239.722s. remaining.]
05/01/2018 05:22:17 Train loss: 0.682, test loss: 0.696
05/01/2018 05:22:17 Train accuracy: 0.570, test accuracy 0.500
05/01/2018 05:22:17 [Epoch 103/1000 done in 0.190 s. Approximatly 170.006s. remaining.]
05/01/2018 05:22:17 Train loss: 0.682, test loss: 0.696
05/01/2018 05:22:17 Train accuracy: 0.570, test accuracy 0.500
05/01/2018 05:22:17 [Epoch 104/1000 done in 0.269 s. Approximatly 240.619s. remaining.]
