05/02/2018 09:41:37 [Program starts.]
05/02/2018 09:41:37 [Arg used:][{'init_type': 'uniform'}, {'model': 'Sequential'}, {'normalize_data': True}, {'criterion': 'CrossEntropy'}, {'exp_name': 'DC-Norm-4PCA'}, {'remove_DC_level': True}, {'epoch_number': 1000}, {'hidden_units': 20}, {'optimizer': 'Adagrad'}, {'pca_features': 4}, {'log_root': '/home/andre/Documents/DL_p1/logs/'}]
05/02/2018 09:41:45 [Program starts.]
05/02/2018 09:41:45 [Arg used:][{'model': 'Sequential'}, {'log_root': '/home/andre/Documents/DL_p1/logs/'}, {'normalize_data': True}, {'criterion': 'CrossEntropy'}, {'pca_features': 4}, {'exp_name': 'DC-Norm-4PCA'}, {'hidden_units': 20}, {'epoch_number': 1000}, {'remove_DC_level': True}, {'init_type': 'uniform'}, {'optimizer': 'Adagrad'}]
05/02/2018 09:42:17 [Program starts.]
05/02/2018 09:42:17 [Arg used:][{'model': 'Sequential'}, {'criterion': 'CrossEntropy'}, {'optimizer': 'Adagrad'}, {'normalize_data': True}, {'epoch_number': 1000}, {'log_root': '/home/andre/Documents/DL_p1/logs/'}, {'exp_name': 'DC-Norm-4PCA'}, {'pca_features': 4}, {'init_type': 'uniform'}, {'remove_DC_level': True}, {'hidden_units': 20}]
05/02/2018 09:42:34 [Program starts.]
05/02/2018 09:42:34 [Arg used:][{'normalize_data': True}, {'optimizer': 'Adagrad'}, {'exp_name': 'DC-Norm-4PCA'}, {'criterion': 'CrossEntropy'}, {'model': 'Sequential'}, {'remove_DC_level': True}, {'init_type': 'uniform'}, {'epoch_number': 1000}, {'hidden_units': 20}, {'log_root': '/home/andre/Documents/DL_p1/logs/'}, {'pca_features': 4}]
05/02/2018 09:42:46 [Program starts.]
05/02/2018 09:42:46 [Arg used:][{'model': 'Sequential'}, {'exp_name': 'DC-Norm-4PCA'}, {'epoch_number': 1000}, {'hidden_units': 20}, {'init_type': 'uniform'}, {'optimizer': 'Adagrad'}, {'log_root': '/home/andre/Documents/DL_p1/logs/'}, {'normalize_data': True}, {'remove_DC_level': True}, {'criterion': 'CrossEntropy'}]
05/02/2018 09:42:56 [Program starts.]
05/02/2018 09:42:56 [Arg used:][{'optimizer': 'Adagrad'}, {'log_root': '/home/andre/Documents/DL_p1/logs/'}, {'criterion': 'CrossEntropy'}, {'exp_name': 'DC-Norm-4PCA'}, {'epoch_number': 1000}, {'normalize_data': True}, {'init_type': 'uniform'}, {'model': 'Sequential'}, {'hidden_units': 20}, {'remove_DC_level': True}]
05/02/2018 09:43:16 [Program starts.]
05/02/2018 09:43:16 [Arg used:][{'remove_DC_level': True}, {'optimizer': 'Adagrad'}, {'init_type': 'uniform'}, {'normalize_data': True}, {'criterion': 'CrossEntropy'}, {'exp_name': 'DC-Norm-4PCA'}, {'hidden_units': 20}, {'model': 'Sequential'}, {'log_root': '/home/andre/Documents/DL_p1/logs/'}, {'epoch_number': 1000}]
05/02/2018 09:43:30 [Program starts.]
05/02/2018 09:43:30 [Arg used:][{'epoch_number': 1000}, {'criterion': 'CrossEntropy'}, {'init_type': 'uniform'}, {'hidden_units': 20}, {'exp_name': 'DC-Norm-4PCA'}, {'log_root': '/home/andre/Documents/DL_p1/logs/'}, {'optimizer': 'Adagrad'}, {'model': 'Sequential'}, {'remove_DC_level': True}, {'normalize_data': True}]
05/02/2018 09:43:44 [Program starts.]
05/02/2018 09:43:44 [Arg used:][{'normalize_data': True}, {'log_root': '/home/andre/Documents/DL_p1/logs/'}, {'optimizer': 'Adagrad'}, {'model': 'Sequential'}, {'criterion': 'CrossEntropy'}, {'remove_DC_level': True}, {'exp_name': 'DC-Norm-4PCA'}, {'epoch_number': 1000}, {'init_type': 'uniform'}, {'hidden_units': 20}]
05/02/2018 09:43:59 [Program starts.]
05/02/2018 09:43:59 [Arg used:][{'exp_name': 'DC-Norm-4PCA'}, {'log_root': '/home/andre/Documents/DL_p1/logs/'}, {'epoch_number': 1000}, {'optimizer': 'Adagrad'}, {'model': 'Sequential'}, {'remove_DC_level': True}, {'criterion': 'CrossEntropy'}, {'init_type': 'uniform'}, {'hidden_units': 20}, {'normalize_data': True}]
05/02/2018 09:44:41 [Program starts.]
05/02/2018 09:44:41 [Arg used:][{'epoch_number': 1000}, {'model': 'Sequential'}, {'optimizer': 'Adagrad'}, {'exp_name': 'DC-Norm-4PCA'}, {'init_type': 'uniform'}, {'normalize_data': True}, {'log_root': '/home/andre/Documents/DL_p1/logs/'}, {'criterion': 'CrossEntropy'}, {'hidden_units': 20}, {'remove_DC_level': True}]
05/02/2018 09:45:22 [Program starts.]
05/02/2018 09:45:22 [Arg used:][{'log_root': '/home/andre/Documents/DL_p1/logs/'}, {'epoch_number': 1000}, {'exp_name': 'DC-Norm-4PCA'}, {'criterion': 'CrossEntropy'}, {'normalize_data': True}, {'remove_DC_level': True}, {'init_type': 'uniform'}, {'model': 'Sequential'}, {'optimizer': 'Adagrad'}, {'hidden_units': 20}]
05/02/2018 09:45:30 [Program starts.]
05/02/2018 09:45:30 [Arg used:][{'criterion': 'CrossEntropy'}, {'normalize_data': True}, {'hidden_units': 20}, {'model': 'Sequential'}, {'epoch_number': 1000}, {'remove_DC_level': True}, {'exp_name': 'DC-Norm-4PCA'}, {'log_root': '/home/andre/Documents/DL_p1/logs/'}, {'optimizer': 'Adagrad'}, {'init_type': 'uniform'}]
05/02/2018 09:46:01 [Program starts.]
05/02/2018 09:46:01 [Arg used:][{'normalize_data': True}, {'hidden_units': 20}, {'model': 'Sequential'}, {'log_root': '/home/andre/Documents/DL_p1/logs/'}, {'epoch_number': 1000}, {'init_type': 'uniform'}, {'remove_DC_level': True}, {'criterion': 'CrossEntropy'}, {'exp_name': 'DC-Norm-4PCA'}, {'optimizer': 'Adagrad'}]
05/02/2018 09:46:15 [Program starts.]
05/02/2018 09:46:15 [Arg used:][{'normalize_data': True}, {'hidden_units': 20}, {'epoch_number': 1000}, {'log_root': '/home/andre/Documents/DL_p1/logs/'}, {'remove_DC_level': True}, {'init_type': 'uniform'}, {'optimizer': 'Adagrad'}, {'model': 'Sequential'}, {'exp_name': 'DC-Norm-4PCA'}, {'criterion': 'CrossEntropy'}]
05/02/2018 09:47:01 [Program starts.]
05/02/2018 09:47:01 [Arg used:][{'model': 'Sequential'}, {'optimizer': 'Adagrad'}, {'criterion': 'CrossEntropy'}, {'epoch_number': 1000}, {'normalize_data': True}, {'exp_name': 'DC-Norm-4PCA'}, {'remove_DC_level': True}, {'hidden_units': 20}, {'init_type': 'uniform'}, {'log_root': '/home/andre/Documents/DL_p1/logs/'}]
05/02/2018 09:47:52 [Program starts.]
05/02/2018 09:47:52 [Arg used:][{'model': 'Sequential'}, {'exp_name': 'DC-Norm-4PCA'}, {'criterion': 'CrossEntropy'}, {'normalize_data': True}, {'remove_DC_level': True}, {'optimizer': 'Adagrad'}, {'log_root': '/home/andre/Documents/DL_p1/logs/'}, {'hidden_units': 20}, {'epoch_number': 1000}, {'init_type': 'uniform'}]
05/02/2018 09:48:09 [Program starts.]
05/02/2018 09:48:09 [Arg used:][{'exp_name': 'DC-Norm-4PCA'}, {'optimizer': 'Adagrad'}, {'epoch_number': 1000}, {'remove_DC_level': True}, {'init_type': 'uniform'}, {'criterion': 'CrossEntropy'}, {'normalize_data': True}, {'hidden_units': 20}, {'log_root': '/home/andre/Documents/DL_p1/logs/'}, {'model': 'Sequential'}]
05/02/2018 09:49:00 [Program starts.]
05/02/2018 09:49:00 [Arg used:][{'log_root': '/home/andre/Documents/DL_p1/logs/'}, {'low_pass': 5}, {'hidden_units': 20}, {'init_type': 'uniform'}, {'high_pass': 20}, {'exp_name': 'DC-Norm-4PCA'}, {'optimizer': 'Adagrad'}, {'epoch_number': 1000}, {'normalize_data': True}, {'criterion': 'CrossEntropy'}, {'model': 'Sequential'}, {'remove_DC_level': True}]
05/02/2018 09:49:29 [Program starts.]
05/02/2018 09:49:29 [Arg used:][{'model': 'Sequential'}, {'remove_DC_level': True}, {'criterion': 'CrossEntropy'}, {'log_root': '/home/andre/Documents/DL_p1/logs/'}, {'high_pass': 20}, {'epoch_number': 1000}, {'optimizer': 'Adagrad'}, {'hidden_units': 20}, {'exp_name': 'DC-Norm-4PCA'}, {'low_pass': 5}, {'init_type': 'uniform'}]
05/02/2018 09:49:50 [Program starts.]
05/02/2018 09:49:50 [Arg used:][{'normalize_data': True}, {'low_pass': 5}, {'epoch_number': 1000}, {'exp_name': 'DC-Norm-4PCA'}, {'log_root': '/home/andre/Documents/DL_p1/logs/'}, {'hidden_units': 20}, {'optimizer': 'Adagrad'}, {'init_type': 'uniform'}, {'remove_DC_level': True}, {'model': 'Sequential'}, {'high_pass': 20}, {'criterion': 'CrossEntropy'}, {'last_ms': 100}]
05/02/2018 09:50:20 [Program starts.]
05/02/2018 09:50:20 [Arg used:][{'optimizer': 'Adagrad'}, {'init_type': 'uniform'}, {'hidden_units': 20}, {'exp_name': 'DC-Norm-4PCA'}, {'low_pass': 5}, {'criterion': 'CrossEntropy'}, {'normalize_data': True}, {'epoch_number': 1000}, {'log_root': '/home/andre/Documents/DL_p1/logs/'}, {'remove_DC_level': True}, {'one_khz': True}, {'model': 'Sequential'}, {'last_ms': 100}]
05/02/2018 09:50:50 [Program starts.]
05/02/2018 09:50:50 [Arg used:][{'hidden_units': 20}, {'cannalwise_pca_features': 10}, {'criterion': 'CrossEntropy'}, {'last_ms': 100}, {'init_type': 'uniform'}, {'optimizer': 'Adagrad'}, {'normalize_data': True}, {'model': 'Sequential'}, {'remove_DC_level': True}, {'epoch_number': 1000}, {'exp_name': 'DC-Norm-4PCA'}, {'log_root': '/home/andre/Documents/DL_p1/logs/'}, {'low_pass': 5}]
