04/27/2018 02:06:16 [Program starts.]
04/27/2018 02:06:16 [Arg used:][{'remove_DC_level': True}, {'normalize_data': True}, {'init_type': 'uniform'}, {'hidden_units': 20}, {'exp_name': 'allseqgridsearch'}, {'model': 'AttentionRecurrent'}, {'log_root': '/home/andre/Documents/DL_p1/logs/'}, {'epoch_number': 400}, {'criterion': 'CrossEntropy'}, {'optimizer': 'Adadelta'}, {'last_ms': 100}]
04/27/2018 02:06:17 [Data loaded.]
04/27/2018 02:06:17 [Model build.]
04/27/2018 02:06:17 Starting new test epoch.
04/27/2018 02:06:31 [Program starts.]
04/27/2018 02:06:31 [Arg used:][{'remove_DC_level': True}, {'criterion': 'CrossEntropy'}, {'optimizer': 'Adadelta'}, {'exp_name': 'allseqgridsearch'}, {'epoch_number': 400}, {'hidden_units': 20}, {'log_root': '/home/andre/Documents/DL_p1/logs/'}, {'init_type': 'uniform'}, {'model': 'AttentionRecurrent'}, {'normalize_data': True}]
04/27/2018 02:06:31 [Data loaded.]
04/27/2018 02:06:31 [Model build.]
04/27/2018 02:06:31 Starting new test epoch.
04/27/2018 02:07:05 [Program starts.]
04/27/2018 02:07:05 [Arg used:][{'hidden_units': 20}, {'epoch_number': 400}, {'init_type': 'uniform'}, {'remove_DC_level': True}, {'criterion': 'CrossEntropy'}, {'model': 'AttentionRecurrent'}, {'optimizer': 'Adadelta'}, {'normalize_data': True}, {'log_root': '/home/andre/Documents/DL_p1/logs/'}, {'exp_name': 'allseqgridsearch'}]
04/27/2018 02:07:06 [Data loaded.]
04/27/2018 02:07:06 [Model build.]
04/27/2018 02:07:06 Starting new test epoch.
05/01/2018 10:36:10 [Program starts.]
05/01/2018 10:36:10 [Arg used:][{'optimizer': 'Adagrad'}, {'exp_name': 'allseqgridsearch'}, {'log_root': '/home/andre/Documents/DL_p1/logs/'}, {'criterion': 'CrossEntropy'}, {'remove_DC_level': True}, {'hidden_units': 20}, {'model': 'AttentionRecurrent'}, {'normalize_data': True}, {'init_type': 'uniform'}, {'epoch_number': 400}]
05/01/2018 10:36:10 [Data loaded.]
05/01/2018 10:36:10 [Model build.]
05/01/2018 10:37:37 [Program starts.]
05/01/2018 10:37:37 [Arg used:][{'normalize_data': True}, {'log_root': '/home/andre/Documents/DL_p1/logs/'}, {'optimizer': 'Adagrad'}, {'init_type': 'uniform'}, {'epoch_number': 400}, {'hidden_units': 20}, {'remove_DC_level': True}, {'criterion': 'CrossEntropy'}, {'model': 'AttentionRecurrent'}, {'exp_name': 'allseqgridsearch'}]
05/01/2018 10:37:38 [Data loaded.]
05/01/2018 10:37:38 [Model build.]
05/01/2018 10:38:51 [Program starts.]
05/01/2018 10:38:51 [Arg used:][{'hidden_units': 20}, {'log_root': '/home/andre/Documents/DL_p1/logs/'}, {'init_type': 'uniform'}, {'model': 'AttentionRecurrent'}, {'normalize_data': True}, {'optimizer': 'Adagrad'}, {'exp_name': 'allseqgridsearch'}, {'remove_DC_level': True}, {'criterion': 'CrossEntropy'}, {'epoch_number': 400}]
05/01/2018 10:38:51 [Data loaded.]
05/01/2018 10:38:51 [Model build.]
05/01/2018 10:39:13 [Program starts.]
05/01/2018 10:39:13 [Arg used:][{'exp_name': 'allseqgridsearch'}, {'optimizer': 'Adagrad'}, {'remove_DC_level': True}, {'init_type': 'uniform'}, {'model': 'AttentionRecurrent'}, {'hidden_units': 20}, {'log_root': '/home/andre/Documents/DL_p1/logs/'}, {'criterion': 'CrossEntropy'}, {'epoch_number': 400}, {'normalize_data': True}]
05/01/2018 10:39:13 [Data loaded.]
05/01/2018 10:39:13 [Model build.]
